<?xml version="1.0" encoding="UTF-8"?>
<testng-results total="1" passed="1" failed="0" skipped="0">
  <reporter-output>
  </reporter-output>
  <suite started-at="2018-03-19T09:29:13Z" name="Suite" finished-at="2018-03-19T09:29:31Z" duration-ms="17933">
    <groups>
    </groups>
    <test started-at="2018-03-19T09:29:13Z" name="Test" finished-at="2018-03-19T09:29:31Z" duration-ms="17933">
      <class name="tests.NewTest">
        <test-method is-config="true" signature="beforeClass()[pri:0, instance:tests.NewTest@38e79ae3]" started-at="2018-03-19T14:59:13Z" name="beforeClass" finished-at="2018-03-19T14:59:22Z" duration-ms="8887" status="PASS">
          <reporter-output>
          </reporter-output>
        </test-method> <!-- beforeClass -->
        <test-method signature="openMyBlog()[pri:0, instance:tests.NewTest@38e79ae3]" started-at="2018-03-19T14:59:22Z" name="openMyBlog" finished-at="2018-03-19T14:59:30Z" duration-ms="8215" status="PASS">
          <reporter-output>
          </reporter-output>
        </test-method> <!-- openMyBlog -->
        <test-method is-config="true" signature="afterClass()[pri:0, instance:tests.NewTest@38e79ae3]" started-at="2018-03-19T14:59:30Z" name="afterClass" finished-at="2018-03-19T14:59:31Z" duration-ms="812" status="PASS">
          <reporter-output>
          </reporter-output>
        </test-method> <!-- afterClass -->
      </class> <!-- tests.NewTest -->
    </test> <!-- Test -->
  </suite> <!-- Suite -->
</testng-results>
